<?xml version="1.0" encoding="UTF-8"?>
<!-- Generated by org.testng.reporters.JUnitReportReporter -->
<testsuite name="test_signIn.LoginWithValidCredentialUsingEmail" tests="1" time="26.477" ignored="0" failures="0" timestamp="05 Jul 2020 17:26:47 GMT" skipped="0" hostname="DESKTOP-PFUQSED" errors="0">
  <testcase name="loginWithValidCredentialUsingEmailTest" time="26.477" classname="test_signIn.LoginWithValidCredentialUsingEmail"/>
</testsuite> <!-- test_signIn.LoginWithValidCredentialUsingEmail -->
